<?xml version="1.0" encoding="UTF-8"?>
<!-- Generated by org.testng.reporters.JUnitReportReporter -->
<testsuite hostname="DESKTOP-519FNC2" failures="0" tests="1" name="com.myexamples.Tests.ShopTest" time="7.093" errors="0" timestamp="2022-12-12T15:12:11 AEDT" skipped="0">
  <testcase classname="com.myexamples.Tests.ShopTest" name="buyShopItems" time="7.093"/>
  <system-out/>
</testsuite> <!-- com.myexamples.Tests.ShopTest -->
